2014-07-20 14:16:52.378 RateThatMovie[7246:80b] Multi-tasking -> Device: YES, App: YES
2014-07-20 14:16:52.390 RateThatMovie[7246:80b] Unlimited access to network resources
2014-07-20 14:16:52.394 RateThatMovie[7246:80b] 

Started backup to iCloud! Please be careful.
Your application might rejected by Apple if you store too much data.
For more information please read "iOS Data Storage Guidelines"
You could find it at the following address https://developer.apple.com/icloud/documentation/data-storage/ .

2014-07-20 14:16:52.756 RateThatMovie[7246:80b] Resetting plugins due to page load.
2014-07-20 14:16:52.879 RateThatMovie[7246:80b] Finished load of: file:///Users/tgalonso/Library/Application%20Support/iPhone%20Simulator/7.0.3/Applications/F68A90AF-F44D-43AA-B7E7-F7CB0246A268/RateThatMovie.app/www/index.html
2014-07-20 14:34:52.577 RateThatMovie[7841:80b] Multi-tasking -> Device: YES, App: YES
2014-07-20 14:34:52.596 RateThatMovie[7841:80b] Unlimited access to network resources
2014-07-20 14:34:52.611 RateThatMovie[7841:80b] 

Started backup to iCloud! Please be careful.
Your application might rejected by Apple if you store too much data.
For more information please read "iOS Data Storage Guidelines"
You could find it at the following address https://developer.apple.com/icloud/documentation/data-storage/ .

2014-07-20 14:34:52.812 RateThatMovie[7841:80b] Resetting plugins due to page load.
2014-07-20 14:34:53.543 RateThatMovie[7841:80b] Finished load of: file:///Users/tgalonso/Library/Application%20Support/iPhone%20Simulator/7.0.3/Applications/F68A90AF-F44D-43AA-B7E7-F7CB0246A268/RateThatMovie.app/www/index.html
2014-07-20 15:12:50.167 RateThatMovie[10771:80b] Multi-tasking -> Device: YES, App: YES
2014-07-20 15:12:50.194 RateThatMovie[10771:80b] Unlimited access to network resources
2014-07-20 15:12:50.199 RateThatMovie[10771:80b] 

Started backup to iCloud! Please be careful.
Your application might rejected by Apple if you store too much data.
For more information please read "iOS Data Storage Guidelines"
You could find it at the following address https://developer.apple.com/icloud/documentation/data-storage/ .

2014-07-20 15:12:50.312 RateThatMovie[10771:80b] Resetting plugins due to page load.
2014-07-20 15:12:52.105 RateThatMovie[10771:80b] Finished load of: file:///Users/tgalonso/Library/Application%20Support/iPhone%20Simulator/7.0.3/Applications/BB633E4C-CC34-4BEC-AF30-7A6C199D7CCB/RateThatMovie.app/www/index.html
